2024-02-29 19:45:32,078 INFO org.springframework.boot.StartupInfoLogger [main] Starting StartServer using Java 21.0.2 with PID 11693 (/home/nik/Projects/backend/target/classes started by nik in /home/nik/Projects/backend)
2024-02-29 19:45:32,079 INFO org.springframework.boot.SpringApplication [main] No active profile set, falling back to 1 default profile: "default"
2024-02-29 19:45:32,652 INFO org.springframework.boot.web.embedded.tomcat.TomcatWebServer [main] Tomcat initialized with port 8080 (http)
2024-02-29 19:45:32,657 INFO org.apache.juli.logging.DirectJDKLog [main] Initializing ProtocolHandler ["http-nio-8080"]
2024-02-29 19:45:32,659 INFO org.apache.juli.logging.DirectJDKLog [main] Starting service [Tomcat]
2024-02-29 19:45:32,659 INFO org.apache.juli.logging.DirectJDKLog [main] Starting Servlet engine: [Apache Tomcat/10.1.16]
2024-02-29 19:45:32,682 INFO org.apache.juli.logging.DirectJDKLog [main] Initializing Spring embedded WebApplicationContext
2024-02-29 19:45:32,683 INFO org.springframework.boot.web.servlet.context.ServletWebServerApplicationContext [main] Root WebApplicationContext: initialization completed in 576 ms
2024-02-29 19:45:32,727 INFO com.zaxxer.hikari.HikariDataSource [main] HikariPool-1 - Starting...
2024-02-29 19:45:32,841 INFO com.zaxxer.hikari.pool.HikariPool [main] HikariPool-1 - Added connection com.mysql.cj.jdbc.ConnectionImpl@2b7e8044
2024-02-29 19:45:32,842 INFO com.zaxxer.hikari.HikariDataSource [main] HikariPool-1 - Start completed.
2024-02-29 19:45:32,848 INFO com.classified.letterboxd.db.MySqlDb [main] Schema DB_CINEMA has been successfully created
2024-02-29 19:45:32,851 INFO com.classified.letterboxd.db.MySqlDb [main] Users table was successfully created
2024-02-29 19:45:32,854 INFO com.classified.letterboxd.db.MySqlDb [main] Movies table was successfully created
2024-02-29 19:45:32,855 INFO com.classified.letterboxd.db.MySqlDb [main] DB initialization has been successfully completed
2024-02-29 19:45:32,863 INFO com.classified.letterboxd.db.MySqlDb [main] Connected to: jdbc:mysql://localhost:3306/db_cinema?serverTimezone=UTC
DB name: MySQL
DB version: 11.3.2-MariaDB
Driver: MySQL Connector/J
2024-02-29 19:45:32,863 INFO com.classified.letterboxd.utils.MetricsHelper [main] Elapsed Time for DB init: 0.02 seconds
2024-02-29 19:45:33,034 INFO org.apache.juli.logging.DirectJDKLog [main] Starting ProtocolHandler ["http-nio-8080"]
2024-02-29 19:45:33,040 INFO org.springframework.boot.web.embedded.tomcat.TomcatWebServer [main] Tomcat started on port 8080 (http) with context path ''
2024-02-29 19:45:33,044 INFO org.springframework.boot.StartupInfoLogger [main] Started StartServer in 1.324 seconds (process running for 1.692)
2024-02-29 19:46:24,270 INFO org.apache.juli.logging.DirectJDKLog [http-nio-8080-exec-1] Initializing Spring DispatcherServlet 'dispatcherServlet'
2024-02-29 19:46:24,270 INFO org.springframework.web.servlet.FrameworkServlet [http-nio-8080-exec-1] Initializing Servlet 'dispatcherServlet'
2024-02-29 19:46:24,271 INFO org.springframework.web.servlet.FrameworkServlet [http-nio-8080-exec-1] Completed initialization in 0 ms
2024-02-29 19:46:24,319 ERROR com.classified.letterboxd.db.dao.MovieDao [http-nio-8080-exec-2] Movie 1 retrieving failed. Reason: null
2024-02-29 19:46:24,319 ERROR com.classified.letterboxd.db.dao.MovieDao [http-nio-8080-exec-1] Movie 1 retrieving failed. Reason: null
2024-02-29 19:46:25,681 ERROR com.classified.letterboxd.db.dao.MovieDao [http-nio-8080-exec-3] Movie 1 retrieving failed. Reason: null
2024-02-29 19:46:25,686 ERROR com.classified.letterboxd.db.dao.MovieDao [http-nio-8080-exec-4] Movie 1 retrieving failed. Reason: null
2024-02-29 19:47:43,610 INFO com.classified.letterboxd.db.dao.MovieDao [http-nio-8080-exec-7] Movie 1 has been successfully retrieved!
2024-02-29 19:47:43,621 INFO com.classified.letterboxd.db.dao.MovieDao [http-nio-8080-exec-8] Movie 1 has been successfully retrieved!
2024-02-29 19:56:51,855 INFO org.springframework.boot.StartupInfoLogger [main] Starting StartServer using Java 21.0.2 with PID 3756 (/home/nik/Projects/backend/target/classes started by nik in /home/nik/Projects/backend)
2024-02-29 19:56:51,856 INFO org.springframework.boot.SpringApplication [main] No active profile set, falling back to 1 default profile: "default"
2024-02-29 19:56:52,415 INFO org.springframework.boot.web.embedded.tomcat.TomcatWebServer [main] Tomcat initialized with port 8080 (http)
2024-02-29 19:56:52,419 INFO org.apache.juli.logging.DirectJDKLog [main] Initializing ProtocolHandler ["http-nio-8080"]
2024-02-29 19:56:52,420 INFO org.apache.juli.logging.DirectJDKLog [main] Starting service [Tomcat]
2024-02-29 19:56:52,421 INFO org.apache.juli.logging.DirectJDKLog [main] Starting Servlet engine: [Apache Tomcat/10.1.16]
2024-02-29 19:56:52,441 INFO org.apache.juli.logging.DirectJDKLog [main] Initializing Spring embedded WebApplicationContext
2024-02-29 19:56:52,442 INFO org.springframework.boot.web.servlet.context.ServletWebServerApplicationContext [main] Root WebApplicationContext: initialization completed in 563 ms
2024-02-29 19:56:52,476 INFO com.zaxxer.hikari.HikariDataSource [main] HikariPool-1 - Starting...
2024-02-29 19:56:52,563 INFO com.zaxxer.hikari.pool.HikariPool [main] HikariPool-1 - Added connection com.mysql.cj.jdbc.ConnectionImpl@76e9f00b
2024-02-29 19:56:52,564 INFO com.zaxxer.hikari.HikariDataSource [main] HikariPool-1 - Start completed.
2024-02-29 19:56:52,569 INFO com.classified.letterboxd.db.MySqlDb [main] Schema DB_CINEMA has been successfully created
2024-02-29 19:56:52,570 INFO com.classified.letterboxd.db.MySqlDb [main] Users table was successfully created
2024-02-29 19:56:52,573 INFO com.classified.letterboxd.db.MySqlDb [main] Movies table was successfully created
2024-02-29 19:56:52,573 INFO com.classified.letterboxd.db.MySqlDb [main] DB initialization has been successfully completed
2024-02-29 19:56:52,579 INFO com.classified.letterboxd.db.MySqlDb [main] Connected to: jdbc:mysql://localhost:3306/db_cinema?serverTimezone=UTC
DB name: MySQL
DB version: 11.3.2-MariaDB
Driver: MySQL Connector/J
2024-02-29 19:56:52,579 INFO com.classified.letterboxd.utils.MetricsHelper [main] Elapsed Time for DB init: 0.014 seconds
2024-02-29 19:56:52,739 INFO org.apache.juli.logging.DirectJDKLog [main] Starting ProtocolHandler ["http-nio-8080"]
2024-02-29 19:56:52,744 INFO org.springframework.boot.web.embedded.tomcat.TomcatWebServer [main] Tomcat started on port 8080 (http) with context path ''
2024-02-29 19:56:52,752 INFO org.springframework.boot.StartupInfoLogger [main] Started StartServer in 1.222 seconds (process running for 1.604)
2024-02-29 19:57:41,255 INFO org.apache.juli.logging.DirectJDKLog [http-nio-8080-exec-2] Initializing Spring DispatcherServlet 'dispatcherServlet'
2024-02-29 19:57:41,255 INFO org.springframework.web.servlet.FrameworkServlet [http-nio-8080-exec-2] Initializing Servlet 'dispatcherServlet'
2024-02-29 19:57:41,256 INFO org.springframework.web.servlet.FrameworkServlet [http-nio-8080-exec-2] Completed initialization in 1 ms
2024-02-29 19:57:41,297 INFO com.classified.letterboxd.db.dao.MovieDao [http-nio-8080-exec-2] Movie 1 has been successfully retrieved!
2024-02-29 19:57:41,297 INFO com.classified.letterboxd.db.dao.MovieDao [http-nio-8080-exec-1] Movie 1 has been successfully retrieved!
2024-02-29 20:00:52,318 INFO com.classified.letterboxd.db.dao.MovieDao [http-nio-8080-exec-5] Movie 1 has been successfully retrieved!
2024-02-29 20:00:52,325 INFO com.classified.letterboxd.db.dao.MovieDao [http-nio-8080-exec-6] Movie 1 has been successfully retrieved!
2024-02-29 20:05:50,235 INFO com.classified.letterboxd.db.dao.MovieDao [http-nio-8080-exec-9] Movie 1 has been successfully retrieved!
2024-02-29 20:05:50,235 INFO com.classified.letterboxd.db.dao.MovieDao [http-nio-8080-exec-8] Movie 1 has been successfully retrieved!
2024-02-29 21:24:05,671 INFO com.classified.letterboxd.db.dao.MovieDao [http-nio-8080-exec-1] Movie 1 has been successfully retrieved!
2024-02-29 21:24:05,676 INFO com.classified.letterboxd.db.dao.MovieDao [http-nio-8080-exec-3] Movie 1 has been successfully retrieved!
